<?xml version="1.0" encoding="UTF-8"?>
<robot generator="Robot 3.1.2 (Python 3.6.9 on linux)" generated="20200816 14:36:38.893" rpa="false">
<suite id="s1" name="Dipankar" source="/home/colt123/Dipankar/NCS_Accedian_project/csit/suites/Dipankar.robot">
<test id="s1-t1" name="onnet_CCA">
<kw name="Onnet CCA" library="CCA">
<arguments>
<arg>A ='P'</arg>
<arg>B ='P'</arg>
</arguments>
<assign>
<var>${test_result}</var>
</assign>
<msg timestamp="20200816 14:39:13.107" level="INFO">!
!!
************** Test A ='P'B ='P' type EP ************* 
!!!!!!
**** connection established with node AR15
**** connection established with node AR11
**** connection established with node LTS_144
****  Logged in node : LTS_144
****  persing completed on LTS_144
{'del_meg': 1, 'meg': 4, 'mep': 1, 'dmm': 1, 'slm': 1}
****  Logged in node : AR15
configure terminal

RP/0/RP0/CPU0:ar15.BLB(config)#interface TenGigE0/0/0/5.2305 l2transport encapsulation dot1q 2305

RP/0/RP0/CPU0:ar15.BLB(config)#interface TenGigE0/0/0/5.2305 l2transport

RP/0/RP0/CPU0:ar15.BLB(config-subif)#interface TenGigE0/0/0/5.2305 l2transport service-policy input 1000000-Business2

RP/0/RP0/CPU0:ar15.BLB(config)#l2vpn xconnect group ALX_NCS_LE-102305 p2p ALX_NCS_LE-102305

RP/0/RP0/CPU0:ar15.BLB(config-l2vpn-xc-p2p)#l2vpn xconnect group ALX_NCS_LE-102305 p2p ALX_NCS_LE-102305 interface TenGigE0/0/0/5.2305

RP/0/RP0/CPU0:ar15.BLB(config)#l2vpn xconnect group ALX_NCS_LE-102305 p2p ALX_NCS_LE-102305 neighbor evpn evi 52305 target 52305 source 52305

RP/0/RP0/CPU0:ar15.BLB(config-l2vpn-xc-p2p-pw)#evpn evi 52305

RP/0/RP0/CPU0:ar15.BLB(config-evpn-instance)#ethernet cfm domain COLT-1 level 1 id null service ALX_NCS_LE-102305 xconnect group ALX_NCS_LE-102305 p2p ALX_NCS_LE-102305 id icc-based LE XXX-102305

RP/0/RP0/CPU0:ar15.BLB(config-cfm-dmn-svc)#ethernet cfm domain COLT-1 level 1 id null service ALX_NCS_LE-102305 xconnect group ALX_NCS_LE-102305 p2p ALX_NCS_LE-102305 id icc-based LE XXX-102305 continuity-check interval 1s

RP/0/RP0/CPU0:ar15.BLB(config)#ethernet cfm domain COLT-1 level 1 id null service ALX_NCS_LE-102305 xconnect group ALX_NCS_LE-102305 p2p ALX_NCS_LE-102305 id icc-based LE XXX-102305 mep crosscheck mep-id 1

RP/0/RP0/CPU0:ar15.BLB(config)#ethernet cfm domain COLT-1 level 1 id null service ALX_NCS_LE-102305 xconnect group ALX_NCS_LE-102305 p2p ALX_NCS_LE-102305 id icc-based LE XXX-102305 log continuity-check errors

RP/0/RP0/CPU0:ar15.BLB(config)#ethernet cfm domain COLT-1 level 1 id null service ALX_NCS_LE-102305 xconnect group ALX_NCS_LE-102305 p2p ALX_NCS_LE-102305 id icc-based LE XXX-102305 log crosscheck errors

RP/0/RP0/CPU0:ar15.BLB(config)#ethernet cfm domain COLT-1 level 1 id null service ALX_NCS_LE-102305 xconnect group ALX_NCS_LE-102305 p2p ALX_NCS_LE-102305 id icc-based LE XXX-102305 log continuity-check mep changes

RP/0/RP0/CPU0:ar15.BLB(config)#interface TenGigE0/0/0/5.2305 l2transport ethernet cfm mep domain COLT-1 service ALX_NCS_LE-102305 mep-id 2 cos 2

RP/0/RP0/CPU0:ar15.BLB(config)#interface TenGigE0/0/0/5.2305 l2transport ethernet cfm mep domain COLT-1 service ALX_NCS_LE-102305 mep-id 2 sla operation profile DMM2 target mep-id 1

RP/0/RP0/CPU0:ar15.BLB(config)#interface TenGigE0/0/0/5.2305 l2transport ethernet cfm mep domain COLT-1 service ALX_NCS_LE-102305 mep-id 2 sla operation profile SLM2 target mep-id 1

RP/0/RP0/CPU0:ar15.BLB(config)#policy-map 1000000-Business2

RP/0/RP0/CPU0:ar15.BLB(config-pmap)# class class-default

RP/0/RP0/CPU0:ar15.BLB(config-pmap-c)#  police rate 1000000 kbps burst 1100 kbytes

RP/0/RP0/CPU0:ar15.BLB(config-pmap-c-police)#  !

RP/0/RP0/CPU0:ar15.BLB(config-pmap-c-police)#  set traffic-class 4

RP/0/RP0/CPU0:ar15.BLB(config-pmap-c)#  set qos-group 2

RP/0/RP0/CPU0:ar15.BLB(config-pmap-c)# !

RP/0/RP0/CPU0:ar15.BLB(config-pmap-c)# end-policy-map

RP/0/RP0/CPU0:ar15.BLB(config)#!

RP/0/RP0/CPU0:ar15.BLB(config)#
****  Configration completed on AR15
****  Logged in node : AR11
configure terminal

RP/0/RP0/CPU0:ar11.BLB(config)#interface Bundle-Ether112.2305 l2transport

RP/0/RP0/CPU0:ar11.BLB(config-subif)#interface Bundle-Ether112.2305 l2transport service-policy input NNI-QOS-INGRESS

RP/0/RP0/CPU0:ar11.BLB(config)#interface Bundle-Ether112.2305 l2transport service-policy output NNI-QOS-EGRESS

RP/0/RP0/CPU0:ar11.BLB(config)#l2vpn xconnect group ALX_NCS_LE-102305 p2p ALX_NCS_LE-102305

RP/0/RP0/CPU0:ar11.BLB(config-l2vpn-xc-p2p)#l2vpn xconnect group ALX_NCS_LE-102305 p2p ALX_NCS_LE-102305 interface Bundle-Ether112.2305

RP/0/RP0/CPU0:ar11.BLB(config)#l2vpn xconnect group ALX_NCS_LE-102305 p2p ALX_NCS_LE-102305 neighbor evpn evi 52305 target 52305 source 52305

RP/0/RP0/CPU0:ar11.BLB(config-l2vpn-xc-p2p-pw)#evpn evi 52305

RP/0/RP0/CPU0:ar11.BLB(config-evpn-instance)#

RP/0/RP0/CPU0:ar11.BLB(config-evpn-instance)#
****  Configration completed on AR11
****  Logged in node : LTS_144
bandwidth-regulator add regulator U9_ALX/NCS/LE-102305 cir 1000000 cir-max 1000000 cbs 100 eir 0 eir-max 0 ebs 10 color-mode blind coupling-flag false
C122-0787: bandwidth-regulator add regulator N5_ALX/NCS/LE-102305  cir 1000000 cir-max 1000000 cbs 100 eir 0 eir-max 0 ebs 10 color-mode blind coupling-flag false
C122-0787: vid-set add N5_ALX/NCS/LE-102305 policy-list Traffic-5 vlan-type s-vlan vid-list 2405
C122-0787: 
C122-0787: 
****  Configration completed on LTS_144
**** AR15 : CCm did not came Up
LTS_144 : CCm did not came Up
****  Logged in node : LTS_144
****  persing completed on LTS_144
{'del_meg': 1, 'meg': 4, 'mep': 1, 'dmm': 1, 'slm': 1}
configure terminal

RP/0/RP0/CPU0:ar15.BLB(config)#no interface TenGigE0/0/0/5.2305

RP/0/RP0/CPU0:ar15.BLB(config)#no l2vpn xconnect group ALX_NCS_LE-102305

RP/0/RP0/CPU0:ar15.BLB(config)#ethernet cfm domain COLT-1 level 1 id null

RP/0/RP0/CPU0:ar15.BLB(config-cfm-dmn)#no service ALX_NCS_LE-102305

RP/0/RP0/CPU0:ar15.BLB(config-cfm-dmn)#no policy-map 1000000-Business2

RP/0/RP0/CPU0:ar15.BLB(config)#
configure terminal

RP/0/RP0/CPU0:ar11.BLB(config)#no interface Bundle-Ether112.2305

RP/0/RP0/CPU0:ar11.BLB(config)#no l2vpn xconnect group ALX_NCS_LE-102305

RP/0/RP0/CPU0:ar11.BLB(config)#
policy edit Traffic-5 11 state disable action permit pre-marking green regulator disable monitor disable map1-state disable map2-state disable evc-encapsulation none evc-ethertype c-vlan evc-vlan-id 0 evc-ethertype2 c-vlan evc-vlan-id2 0 cos-mapping preserve map1-type pcp-vlan map2-type pcp-vlan map1-regulator-set disable green-cfi 0 green-pcp 0 yellow-cfi 0 yellow-pcp 0
C122-0787: bandwidth-regulator delete regulator U9_ALX/NCS/LE-102305
C122-0787: bandwidth-regulator delete regulator N5_ALX/NCS/LE-102305
C122-0787: vid-set delete N5_ALX/NCS/LE-102305
C122-0787: 
C122-0787: 
**** disconnected successfully from node AR15
**** disconnected successfully from node AR11
**** disconnected successfully from node LTS_144</msg>
<msg timestamp="20200816 14:39:13.108" level="INFO">${test_result} = {'ccm_status': {'AR15': 'fail', 'LTS_144': 'fail'}}</msg>
<status status="PASS" starttime="20200816 14:37:59.151" endtime="20200816 14:39:13.108"></status>
</kw>
<kw name="Log To Console" library="BuiltIn">
<doc>Logs the given message to the console.</doc>
<arguments>
<arg>${test_result}</arg>
</arguments>
<status status="PASS" starttime="20200816 14:39:13.109" endtime="20200816 14:39:13.110"></status>
</kw>
<kw name="Run Keyword And Continue On Failure" library="BuiltIn">
<doc>Runs the keyword and continues execution even if a failure occurs.</doc>
<arguments>
<arg>dictionary should not contain value</arg>
<arg>${test_result['ccm_status']}</arg>
<arg>fail</arg>
</arguments>
<kw name="Dictionary Should Not Contain Value" library="Collections">
<doc>Fails if ``value`` is found from ``dictionary``.</doc>
<arguments>
<arg>${test_result['ccm_status']}</arg>
<arg>fail</arg>
</arguments>
<msg timestamp="20200816 14:39:13.112" level="FAIL">Dictionary contains value 'fail'.</msg>
<status status="FAIL" starttime="20200816 14:39:13.111" endtime="20200816 14:39:13.112"></status>
</kw>
<status status="FAIL" starttime="20200816 14:39:13.110" endtime="20200816 14:39:13.112"></status>
</kw>
<status status="FAIL" starttime="20200816 14:37:59.150" endtime="20200816 14:39:13.113" critical="yes">Dictionary contains value 'fail'.</status>
</test>
<doc>A test suite with tests for P2P conenctivity between Cisco-Cisco-Accedian
Topology:-
Cisco-Cisco_accedian
</doc>
<metadata>
<item name="Version">1.0
More Info For more information about Robot Framework see http://robotframework.org
Author Sathishkumar murugesan
Date 12 Dec 2017
Executed At HOST
Test Framework Robot Framework Python</item>
</metadata>
<status status="FAIL" starttime="20200816 14:36:38.894" endtime="20200816 14:39:13.115"></status>
</suite>
<statistics>
<total>
<stat pass="0" fail="1">Critical Tests</stat>
<stat pass="0" fail="1">All Tests</stat>
</total>
<tag>
</tag>
<suite>
<stat pass="0" fail="1" id="s1" name="Dipankar">Dipankar</stat>
</suite>
</statistics>
<errors>
</errors>
</robot>
