<?xml version="1.0" encoding="UTF-8"?>
<robot generator="Robot 3.1.2 (Python 3.6.9 on linux)" generated="20200806 12:19:24.220" rpa="false">
<suite id="s1" name="Dipankar" source="/home/colt123/Dipankar/NCS_Accedian_project/csit/suites/Dipankar.robot">
<test id="s1-t1" name="onnet_CCM_Y1564_test">
<kw name="Onnet CCM Y1564" library="CCA">
<assign>
<var>${test_result}</var>
</assign>
<status status="FAIL" starttime="20200806 12:19:25.433" endtime="20200806 12:19:30.655"></status>
</kw>
<status status="FAIL" starttime="20200806 12:19:25.432" endtime="20200806 12:19:30.656" critical="yes">Execution terminated by signal</status>
</test>
<doc>A test suite with tests for P2P conenctivity between Cisco-Cisco-Accedian
Topology:-
Cisco-Cisco_accedian
</doc>
<metadata>
<item name="Version">1.0
More Info For more information about Robot Framework see http://robotframework.org
Author Sathishkumar murugesan
Date 12 Dec 2017
Executed At HOST
Test Framework Robot Framework Python</item>
</metadata>
<status status="FAIL" starttime="20200806 12:19:24.222" endtime="20200806 12:19:30.658"></status>
</suite>
<statistics>
<total>
<stat pass="0" fail="1">Critical Tests</stat>
<stat pass="0" fail="1">All Tests</stat>
</total>
<tag>
</tag>
<suite>
<stat pass="0" fail="1" id="s1" name="Dipankar">Dipankar</stat>
</suite>
</statistics>
<errors>
</errors>
</robot>
